语法

    0 $accept: program $end

    1 program: exp

    2 exp: lvalue
    3    | NIL
    4    | LPAREN sequencing RPAREN
    5    | INT
    6    | STRING
    7    | ID LPAREN args RPAREN
    8    | exp PLUS exp
    9    | exp MINUS exp
   10    | exp TIMES exp
   11    | exp DIVIDE exp
   12    | exp EQ exp
   13    | exp NEQ exp
   14    | exp LT exp
   15    | exp LE exp
   16    | exp GT exp
   17    | exp GE exp
   18    | exp AND exp
   19    | exp OR exp
   20    | MINUS exp
   21    | ID LBRACE recorditems RBRACE
   22    | ID LBRACK exp RBRACK OF exp
   23    | lvalue ASSIGN exp
   24    | IF exp THEN exp ELSE exp
   25    | IF exp THEN exp
   26    | WHILE exp DO exp
   27    | FOR ID ASSIGN exp TO exp DO exp
   28    | BREAK
   29    | LET decs IN expseq END
   30    | LPAREN RPAREN

   31 expseq: %empty
   32       | sequencing

   33 sequencing: exp
   34           | exp SEMICOLON sequencing

   35 recorditem: ID EQ exp

   36 recorditems: %empty
   37            | nonempty_recorditems

   38 nonempty_recorditems: recorditem
   39                     | recorditem COMMA nonempty_recorditems

   40 args: %empty
   41     | nonempty_args

   42 nonempty_args: exp
   43              | exp COMMA nonempty_args

   44 tyfield: ID COLON ID

   45 tyfields: %empty
   46         | nonempty_tyfields

   47 nonempty_tyfields: tyfield
   48                  | tyfield COMMA nonempty_tyfields

   49 ty: ID
   50   | LBRACE tyfields RBRACE
   51   | ARRAY OF ID

   52 tydec: TYPE ID EQ ty

   53 tydecs: tydec
   54       | tydec tydecs

   55 vardec: VAR ID ASSIGN exp
   56       | VAR ID COLON ID ASSIGN exp

   57 fundec: FUNCTION ID LPAREN tyfields RPAREN EQ exp
   58       | FUNCTION ID LPAREN tyfields RPAREN COLON ID EQ exp

   59 fundecs: fundec
   60        | fundec fundecs

   61 dec: tydecs
   62    | vardec
   63    | fundecs

   64 decs: %empty
   65     | nonempty_decs

   66 nonempty_decs: dec decs

   67 lvalue: lvalue_one
   68       | lvalue DOT ID
   69       | lvalue LBRACK exp RBRACK

   70 lvalue_one: ID
   71           | ID DOT ID
   72           | ID LBRACK exp RBRACK


终结语词，附有它们出现处的规则

$end (0) 0
error (256)
ID <sval> (258) 7 21 22 27 35 44 49 51 52 55 56 57 58 68 70 71 72
STRING <sval> (259) 6
INT <ival> (260) 5
COMMA (261) 39 43 48
COLON (262) 44 56 58
SEMICOLON (263) 34
LPAREN (264) 4 7 30 57 58
RPAREN (265) 4 7 30 57 58
LBRACK (266) 22 69 72
RBRACK (267) 22 69 72
LBRACE (268) 21 50
RBRACE (269) 21 50
DOT (270) 68 71
PLUS (271) 8
MINUS (272) 9 20
TIMES (273) 10
DIVIDE (274) 11
EQ (275) 12 35 52 57 58
NEQ (276) 13
LT (277) 14
LE (278) 15
GT (279) 16
GE (280) 17
AND (281) 18
OR (282) 19
ASSIGN (283) 23 27 55 56
ARRAY (284) 51
IF (285) 24 25
THEN (286) 24 25
ELSE (287) 24
WHILE (288) 26
FOR (289) 27
TO (290) 27
DO (291) 26 27
LET (292) 29
IN (293) 29
END (294) 29
OF (295) 22 51
BREAK (296) 28
NIL (297) 3
FUNCTION (298) 57 58
VAR (299) 55 56
TYPE (300) 52
SHIFT (301)
UMINUS (302)


非终结语词，附有它们出现处的规则

$accept (48)
    于左侧： 0
program <exp> (49)
    于左侧： 1, 于右侧： 0
exp <exp> (50)
    于左侧： 2 3 4 5 6 7 8 9 10 11 12 13 14 15 16 17 18 19 20 21
    22 23 24 25 26 27 28 29 30, 于右侧： 1 8 9 10 11 12 13 14 15
    16 17 18 19 20 22 23 24 25 26 27 33 34 35 42 43 55 56 57 58 69
    72
expseq <exp> (51)
    于左侧： 31 32, 于右侧： 29
sequencing <expList> (52)
    于左侧： 33 34, 于右侧： 4 32 34
recorditem <efield> (53)
    于左侧： 35, 于右侧： 38 39
recorditems <efieldList> (54)
    于左侧： 36 37, 于右侧： 21
nonempty_recorditems <efieldList> (55)
    于左侧： 38 39, 于右侧： 37 39
args <expList> (56)
    于左侧： 40 41, 于右侧： 7
nonempty_args <expList> (57)
    于左侧： 42 43, 于右侧： 41 43
tyfield <field> (58)
    于左侧： 44, 于右侧： 47 48
tyfields <fieldList> (59)
    于左侧： 45 46, 于右侧： 50 57 58
nonempty_tyfields <fieldList> (60)
    于左侧： 47 48, 于右侧： 46 48
ty <ty> (61)
    于左侧： 49 50 51, 于右侧： 52
tydec <namety> (62)
    于左侧： 52, 于右侧： 53 54
tydecs <nametyList> (63)
    于左侧： 53 54, 于右侧： 54 61
vardec <dec> (64)
    于左侧： 55 56, 于右侧： 62
fundec <fundec> (65)
    于左侧： 57 58, 于右侧： 59 60
fundecs <fundecList> (66)
    于左侧： 59 60, 于右侧： 60 63
dec <dec> (67)
    于左侧： 61 62 63, 于右侧： 66
decs <decList> (68)
    于左侧： 64 65, 于右侧： 29 66
nonempty_decs <decList> (69)
    于左侧： 66, 于右侧： 65
lvalue <var> (70)
    于左侧： 67 68 69, 于右侧： 2 23 68 69
lvalue_one <var> (71)
    于左侧： 70 71 72, 于右侧： 67


状态 0

    0 $accept: . program $end

    ID      偏移，并进入状态 1
    STRING  偏移，并进入状态 2
    INT     偏移，并进入状态 3
    LPAREN  偏移，并进入状态 4
    MINUS   偏移，并进入状态 5
    IF      偏移，并进入状态 6
    WHILE   偏移，并进入状态 7
    FOR     偏移，并进入状态 8
    LET     偏移，并进入状态 9
    BREAK   偏移，并进入状态 10
    NIL     偏移，并进入状态 11

    program     转到状态 12
    exp         转到状态 13
    lvalue      转到状态 14
    lvalue_one  转到状态 15


状态 1

    7 exp: ID . LPAREN args RPAREN
   21    | ID . LBRACE recorditems RBRACE
   22    | ID . LBRACK exp RBRACK OF exp
   70 lvalue_one: ID .
   71           | ID . DOT ID
   72           | ID . LBRACK exp RBRACK

    LPAREN  偏移，并进入状态 16
    LBRACK  偏移，并进入状态 17
    LBRACE  偏移，并进入状态 18
    DOT     偏移，并进入状态 19

    $default  使用规则 70 以归约 (lvalue_one)


状态 2

    6 exp: STRING .

    $default  使用规则 6 以归约 (exp)


状态 3

    5 exp: INT .

    $default  使用规则 5 以归约 (exp)


状态 4

    4 exp: LPAREN . sequencing RPAREN
   30    | LPAREN . RPAREN

    ID      偏移，并进入状态 1
    STRING  偏移，并进入状态 2
    INT     偏移，并进入状态 3
    LPAREN  偏移，并进入状态 4
    RPAREN  偏移，并进入状态 20
    MINUS   偏移，并进入状态 5
    IF      偏移，并进入状态 6
    WHILE   偏移，并进入状态 7
    FOR     偏移，并进入状态 8
    LET     偏移，并进入状态 9
    BREAK   偏移，并进入状态 10
    NIL     偏移，并进入状态 11

    exp         转到状态 21
    sequencing  转到状态 22
    lvalue      转到状态 14
    lvalue_one  转到状态 15


状态 5

   20 exp: MINUS . exp

    ID      偏移，并进入状态 1
    STRING  偏移，并进入状态 2
    INT     偏移，并进入状态 3
    LPAREN  偏移，并进入状态 4
    MINUS   偏移，并进入状态 5
    IF      偏移，并进入状态 6
    WHILE   偏移，并进入状态 7
    FOR     偏移，并进入状态 8
    LET     偏移，并进入状态 9
    BREAK   偏移，并进入状态 10
    NIL     偏移，并进入状态 11

    exp         转到状态 23
    lvalue      转到状态 14
    lvalue_one  转到状态 15


状态 6

   24 exp: IF . exp THEN exp ELSE exp
   25    | IF . exp THEN exp

    ID      偏移，并进入状态 1
    STRING  偏移，并进入状态 2
    INT     偏移，并进入状态 3
    LPAREN  偏移，并进入状态 4
    MINUS   偏移，并进入状态 5
    IF      偏移，并进入状态 6
    WHILE   偏移，并进入状态 7
    FOR     偏移，并进入状态 8
    LET     偏移，并进入状态 9
    BREAK   偏移，并进入状态 10
    NIL     偏移，并进入状态 11

    exp         转到状态 24
    lvalue      转到状态 14
    lvalue_one  转到状态 15


状态 7

   26 exp: WHILE . exp DO exp

    ID      偏移，并进入状态 1
    STRING  偏移，并进入状态 2
    INT     偏移，并进入状态 3
    LPAREN  偏移，并进入状态 4
    MINUS   偏移，并进入状态 5
    IF      偏移，并进入状态 6
    WHILE   偏移，并进入状态 7
    FOR     偏移，并进入状态 8
    LET     偏移，并进入状态 9
    BREAK   偏移，并进入状态 10
    NIL     偏移，并进入状态 11

    exp         转到状态 25
    lvalue      转到状态 14
    lvalue_one  转到状态 15


状态 8

   27 exp: FOR . ID ASSIGN exp TO exp DO exp

    ID  偏移，并进入状态 26


状态 9

   29 exp: LET . decs IN expseq END

    FUNCTION  偏移，并进入状态 27
    VAR       偏移，并进入状态 28
    TYPE      偏移，并进入状态 29

    $default  使用规则 64 以归约 (decs)

    tydec          转到状态 30
    tydecs         转到状态 31
    vardec         转到状态 32
    fundec         转到状态 33
    fundecs        转到状态 34
    dec            转到状态 35
    decs           转到状态 36
    nonempty_decs  转到状态 37


状态 10

   28 exp: BREAK .

    $default  使用规则 28 以归约 (exp)


状态 11

    3 exp: NIL .

    $default  使用规则 3 以归约 (exp)


状态 12

    0 $accept: program . $end

    $end  偏移，并进入状态 38


状态 13

    1 program: exp .
    8 exp: exp . PLUS exp
    9    | exp . MINUS exp
   10    | exp . TIMES exp
   11    | exp . DIVIDE exp
   12    | exp . EQ exp
   13    | exp . NEQ exp
   14    | exp . LT exp
   15    | exp . LE exp
   16    | exp . GT exp
   17    | exp . GE exp
   18    | exp . AND exp
   19    | exp . OR exp

    PLUS    偏移，并进入状态 39
    MINUS   偏移，并进入状态 40
    TIMES   偏移，并进入状态 41
    DIVIDE  偏移，并进入状态 42
    EQ      偏移，并进入状态 43
    NEQ     偏移，并进入状态 44
    LT      偏移，并进入状态 45
    LE      偏移，并进入状态 46
    GT      偏移，并进入状态 47
    GE      偏移，并进入状态 48
    AND     偏移，并进入状态 49
    OR      偏移，并进入状态 50

    $default  使用规则 1 以归约 (program)


状态 14

    2 exp: lvalue .
   23    | lvalue . ASSIGN exp
   68 lvalue: lvalue . DOT ID
   69       | lvalue . LBRACK exp RBRACK

    LBRACK  偏移，并进入状态 51
    DOT     偏移，并进入状态 52
    ASSIGN  偏移，并进入状态 53

    $default  使用规则 2 以归约 (exp)


状态 15

   67 lvalue: lvalue_one .

    $default  使用规则 67 以归约 (lvalue)


状态 16

    7 exp: ID LPAREN . args RPAREN

    ID      偏移，并进入状态 1
    STRING  偏移，并进入状态 2
    INT     偏移，并进入状态 3
    LPAREN  偏移，并进入状态 4
    MINUS   偏移，并进入状态 5
    IF      偏移，并进入状态 6
    WHILE   偏移，并进入状态 7
    FOR     偏移，并进入状态 8
    LET     偏移，并进入状态 9
    BREAK   偏移，并进入状态 10
    NIL     偏移，并进入状态 11

    $default  使用规则 40 以归约 (args)

    exp            转到状态 54
    args           转到状态 55
    nonempty_args  转到状态 56
    lvalue         转到状态 14
    lvalue_one     转到状态 15


状态 17

   22 exp: ID LBRACK . exp RBRACK OF exp
   72 lvalue_one: ID LBRACK . exp RBRACK

    ID      偏移，并进入状态 1
    STRING  偏移，并进入状态 2
    INT     偏移，并进入状态 3
    LPAREN  偏移，并进入状态 4
    MINUS   偏移，并进入状态 5
    IF      偏移，并进入状态 6
    WHILE   偏移，并进入状态 7
    FOR     偏移，并进入状态 8
    LET     偏移，并进入状态 9
    BREAK   偏移，并进入状态 10
    NIL     偏移，并进入状态 11

    exp         转到状态 57
    lvalue      转到状态 14
    lvalue_one  转到状态 15


状态 18

   21 exp: ID LBRACE . recorditems RBRACE

    ID  偏移，并进入状态 58

    $default  使用规则 36 以归约 (recorditems)

    recorditem            转到状态 59
    recorditems           转到状态 60
    nonempty_recorditems  转到状态 61


状态 19

   71 lvalue_one: ID DOT . ID

    ID  偏移，并进入状态 62


状态 20

   30 exp: LPAREN RPAREN .

    $default  使用规则 30 以归约 (exp)


状态 21

    8 exp: exp . PLUS exp
    9    | exp . MINUS exp
   10    | exp . TIMES exp
   11    | exp . DIVIDE exp
   12    | exp . EQ exp
   13    | exp . NEQ exp
   14    | exp . LT exp
   15    | exp . LE exp
   16    | exp . GT exp
   17    | exp . GE exp
   18    | exp . AND exp
   19    | exp . OR exp
   33 sequencing: exp .
   34           | exp . SEMICOLON sequencing

    SEMICOLON  偏移，并进入状态 63
    PLUS       偏移，并进入状态 39
    MINUS      偏移，并进入状态 40
    TIMES      偏移，并进入状态 41
    DIVIDE     偏移，并进入状态 42
    EQ         偏移，并进入状态 43
    NEQ        偏移，并进入状态 44
    LT         偏移，并进入状态 45
    LE         偏移，并进入状态 46
    GT         偏移，并进入状态 47
    GE         偏移，并进入状态 48
    AND        偏移，并进入状态 49
    OR         偏移，并进入状态 50

    $default  使用规则 33 以归约 (sequencing)


状态 22

    4 exp: LPAREN sequencing . RPAREN

    RPAREN  偏移，并进入状态 64


状态 23

    8 exp: exp . PLUS exp
    9    | exp . MINUS exp
   10    | exp . TIMES exp
   11    | exp . DIVIDE exp
   12    | exp . EQ exp
   13    | exp . NEQ exp
   14    | exp . LT exp
   15    | exp . LE exp
   16    | exp . GT exp
   17    | exp . GE exp
   18    | exp . AND exp
   19    | exp . OR exp
   20    | MINUS exp .

    $default  使用规则 20 以归约 (exp)


状态 24

    8 exp: exp . PLUS exp
    9    | exp . MINUS exp
   10    | exp . TIMES exp
   11    | exp . DIVIDE exp
   12    | exp . EQ exp
   13    | exp . NEQ exp
   14    | exp . LT exp
   15    | exp . LE exp
   16    | exp . GT exp
   17    | exp . GE exp
   18    | exp . AND exp
   19    | exp . OR exp
   24    | IF exp . THEN exp ELSE exp
   25    | IF exp . THEN exp

    PLUS    偏移，并进入状态 39
    MINUS   偏移，并进入状态 40
    TIMES   偏移，并进入状态 41
    DIVIDE  偏移，并进入状态 42
    EQ      偏移，并进入状态 43
    NEQ     偏移，并进入状态 44
    LT      偏移，并进入状态 45
    LE      偏移，并进入状态 46
    GT      偏移，并进入状态 47
    GE      偏移，并进入状态 48
    AND     偏移，并进入状态 49
    OR      偏移，并进入状态 50
    THEN    偏移，并进入状态 65


状态 25

    8 exp: exp . PLUS exp
    9    | exp . MINUS exp
   10    | exp . TIMES exp
   11    | exp . DIVIDE exp
   12    | exp . EQ exp
   13    | exp . NEQ exp
   14    | exp . LT exp
   15    | exp . LE exp
   16    | exp . GT exp
   17    | exp . GE exp
   18    | exp . AND exp
   19    | exp . OR exp
   26    | WHILE exp . DO exp

    PLUS    偏移，并进入状态 39
    MINUS   偏移，并进入状态 40
    TIMES   偏移，并进入状态 41
    DIVIDE  偏移，并进入状态 42
    EQ      偏移，并进入状态 43
    NEQ     偏移，并进入状态 44
    LT      偏移，并进入状态 45
    LE      偏移，并进入状态 46
    GT      偏移，并进入状态 47
    GE      偏移，并进入状态 48
    AND     偏移，并进入状态 49
    OR      偏移，并进入状态 50
    DO      偏移，并进入状态 66


状态 26

   27 exp: FOR ID . ASSIGN exp TO exp DO exp

    ASSIGN  偏移，并进入状态 67


状态 27

   57 fundec: FUNCTION . ID LPAREN tyfields RPAREN EQ exp
   58       | FUNCTION . ID LPAREN tyfields RPAREN COLON ID EQ exp

    ID  偏移，并进入状态 68


状态 28

   55 vardec: VAR . ID ASSIGN exp
   56       | VAR . ID COLON ID ASSIGN exp

    ID  偏移，并进入状态 69


状态 29

   52 tydec: TYPE . ID EQ ty

    ID  偏移，并进入状态 70


状态 30

   53 tydecs: tydec .
   54       | tydec . tydecs

    TYPE  偏移，并进入状态 29

    $default  使用规则 53 以归约 (tydecs)

    tydec   转到状态 30
    tydecs  转到状态 71


状态 31

   61 dec: tydecs .

    $default  使用规则 61 以归约 (dec)


状态 32

   62 dec: vardec .

    $default  使用规则 62 以归约 (dec)


状态 33

   59 fundecs: fundec .
   60        | fundec . fundecs

    FUNCTION  偏移，并进入状态 27

    $default  使用规则 59 以归约 (fundecs)

    fundec   转到状态 33
    fundecs  转到状态 72


状态 34

   63 dec: fundecs .

    $default  使用规则 63 以归约 (dec)


状态 35

   66 nonempty_decs: dec . decs

    FUNCTION  偏移，并进入状态 27
    VAR       偏移，并进入状态 28
    TYPE      偏移，并进入状态 29

    $default  使用规则 64 以归约 (decs)

    tydec          转到状态 30
    tydecs         转到状态 31
    vardec         转到状态 32
    fundec         转到状态 33
    fundecs        转到状态 34
    dec            转到状态 35
    decs           转到状态 73
    nonempty_decs  转到状态 37


状态 36

   29 exp: LET decs . IN expseq END

    IN  偏移，并进入状态 74


状态 37

   65 decs: nonempty_decs .

    $default  使用规则 65 以归约 (decs)


状态 38

    0 $accept: program $end .

    $default  接受


状态 39

    8 exp: exp PLUS . exp

    ID      偏移，并进入状态 1
    STRING  偏移，并进入状态 2
    INT     偏移，并进入状态 3
    LPAREN  偏移，并进入状态 4
    MINUS   偏移，并进入状态 5
    IF      偏移，并进入状态 6
    WHILE   偏移，并进入状态 7
    FOR     偏移，并进入状态 8
    LET     偏移，并进入状态 9
    BREAK   偏移，并进入状态 10
    NIL     偏移，并进入状态 11

    exp         转到状态 75
    lvalue      转到状态 14
    lvalue_one  转到状态 15


状态 40

    9 exp: exp MINUS . exp

    ID      偏移，并进入状态 1
    STRING  偏移，并进入状态 2
    INT     偏移，并进入状态 3
    LPAREN  偏移，并进入状态 4
    MINUS   偏移，并进入状态 5
    IF      偏移，并进入状态 6
    WHILE   偏移，并进入状态 7
    FOR     偏移，并进入状态 8
    LET     偏移，并进入状态 9
    BREAK   偏移，并进入状态 10
    NIL     偏移，并进入状态 11

    exp         转到状态 76
    lvalue      转到状态 14
    lvalue_one  转到状态 15


状态 41

   10 exp: exp TIMES . exp

    ID      偏移，并进入状态 1
    STRING  偏移，并进入状态 2
    INT     偏移，并进入状态 3
    LPAREN  偏移，并进入状态 4
    MINUS   偏移，并进入状态 5
    IF      偏移，并进入状态 6
    WHILE   偏移，并进入状态 7
    FOR     偏移，并进入状态 8
    LET     偏移，并进入状态 9
    BREAK   偏移，并进入状态 10
    NIL     偏移，并进入状态 11

    exp         转到状态 77
    lvalue      转到状态 14
    lvalue_one  转到状态 15


状态 42

   11 exp: exp DIVIDE . exp

    ID      偏移，并进入状态 1
    STRING  偏移，并进入状态 2
    INT     偏移，并进入状态 3
    LPAREN  偏移，并进入状态 4
    MINUS   偏移，并进入状态 5
    IF      偏移，并进入状态 6
    WHILE   偏移，并进入状态 7
    FOR     偏移，并进入状态 8
    LET     偏移，并进入状态 9
    BREAK   偏移，并进入状态 10
    NIL     偏移，并进入状态 11

    exp         转到状态 78
    lvalue      转到状态 14
    lvalue_one  转到状态 15


状态 43

   12 exp: exp EQ . exp

    ID      偏移，并进入状态 1
    STRING  偏移，并进入状态 2
    INT     偏移，并进入状态 3
    LPAREN  偏移，并进入状态 4
    MINUS   偏移，并进入状态 5
    IF      偏移，并进入状态 6
    WHILE   偏移，并进入状态 7
    FOR     偏移，并进入状态 8
    LET     偏移，并进入状态 9
    BREAK   偏移，并进入状态 10
    NIL     偏移，并进入状态 11

    exp         转到状态 79
    lvalue      转到状态 14
    lvalue_one  转到状态 15


状态 44

   13 exp: exp NEQ . exp

    ID      偏移，并进入状态 1
    STRING  偏移，并进入状态 2
    INT     偏移，并进入状态 3
    LPAREN  偏移，并进入状态 4
    MINUS   偏移，并进入状态 5
    IF      偏移，并进入状态 6
    WHILE   偏移，并进入状态 7
    FOR     偏移，并进入状态 8
    LET     偏移，并进入状态 9
    BREAK   偏移，并进入状态 10
    NIL     偏移，并进入状态 11

    exp         转到状态 80
    lvalue      转到状态 14
    lvalue_one  转到状态 15


状态 45

   14 exp: exp LT . exp

    ID      偏移，并进入状态 1
    STRING  偏移，并进入状态 2
    INT     偏移，并进入状态 3
    LPAREN  偏移，并进入状态 4
    MINUS   偏移，并进入状态 5
    IF      偏移，并进入状态 6
    WHILE   偏移，并进入状态 7
    FOR     偏移，并进入状态 8
    LET     偏移，并进入状态 9
    BREAK   偏移，并进入状态 10
    NIL     偏移，并进入状态 11

    exp         转到状态 81
    lvalue      转到状态 14
    lvalue_one  转到状态 15


状态 46

   15 exp: exp LE . exp

    ID      偏移，并进入状态 1
    STRING  偏移，并进入状态 2
    INT     偏移，并进入状态 3
    LPAREN  偏移，并进入状态 4
    MINUS   偏移，并进入状态 5
    IF      偏移，并进入状态 6
    WHILE   偏移，并进入状态 7
    FOR     偏移，并进入状态 8
    LET     偏移，并进入状态 9
    BREAK   偏移，并进入状态 10
    NIL     偏移，并进入状态 11

    exp         转到状态 82
    lvalue      转到状态 14
    lvalue_one  转到状态 15


状态 47

   16 exp: exp GT . exp

    ID      偏移，并进入状态 1
    STRING  偏移，并进入状态 2
    INT     偏移，并进入状态 3
    LPAREN  偏移，并进入状态 4
    MINUS   偏移，并进入状态 5
    IF      偏移，并进入状态 6
    WHILE   偏移，并进入状态 7
    FOR     偏移，并进入状态 8
    LET     偏移，并进入状态 9
    BREAK   偏移，并进入状态 10
    NIL     偏移，并进入状态 11

    exp         转到状态 83
    lvalue      转到状态 14
    lvalue_one  转到状态 15


状态 48

   17 exp: exp GE . exp

    ID      偏移，并进入状态 1
    STRING  偏移，并进入状态 2
    INT     偏移，并进入状态 3
    LPAREN  偏移，并进入状态 4
    MINUS   偏移，并进入状态 5
    IF      偏移，并进入状态 6
    WHILE   偏移，并进入状态 7
    FOR     偏移，并进入状态 8
    LET     偏移，并进入状态 9
    BREAK   偏移，并进入状态 10
    NIL     偏移，并进入状态 11

    exp         转到状态 84
    lvalue      转到状态 14
    lvalue_one  转到状态 15


状态 49

   18 exp: exp AND . exp

    ID      偏移，并进入状态 1
    STRING  偏移，并进入状态 2
    INT     偏移，并进入状态 3
    LPAREN  偏移，并进入状态 4
    MINUS   偏移，并进入状态 5
    IF      偏移，并进入状态 6
    WHILE   偏移，并进入状态 7
    FOR     偏移，并进入状态 8
    LET     偏移，并进入状态 9
    BREAK   偏移，并进入状态 10
    NIL     偏移，并进入状态 11

    exp         转到状态 85
    lvalue      转到状态 14
    lvalue_one  转到状态 15


状态 50

   19 exp: exp OR . exp

    ID      偏移，并进入状态 1
    STRING  偏移，并进入状态 2
    INT     偏移，并进入状态 3
    LPAREN  偏移，并进入状态 4
    MINUS   偏移，并进入状态 5
    IF      偏移，并进入状态 6
    WHILE   偏移，并进入状态 7
    FOR     偏移，并进入状态 8
    LET     偏移，并进入状态 9
    BREAK   偏移，并进入状态 10
    NIL     偏移，并进入状态 11

    exp         转到状态 86
    lvalue      转到状态 14
    lvalue_one  转到状态 15


状态 51

   69 lvalue: lvalue LBRACK . exp RBRACK

    ID      偏移，并进入状态 1
    STRING  偏移，并进入状态 2
    INT     偏移，并进入状态 3
    LPAREN  偏移，并进入状态 4
    MINUS   偏移，并进入状态 5
    IF      偏移，并进入状态 6
    WHILE   偏移，并进入状态 7
    FOR     偏移，并进入状态 8
    LET     偏移，并进入状态 9
    BREAK   偏移，并进入状态 10
    NIL     偏移，并进入状态 11

    exp         转到状态 87
    lvalue      转到状态 14
    lvalue_one  转到状态 15


状态 52

   68 lvalue: lvalue DOT . ID

    ID  偏移，并进入状态 88


状态 53

   23 exp: lvalue ASSIGN . exp

    ID      偏移，并进入状态 1
    STRING  偏移，并进入状态 2
    INT     偏移，并进入状态 3
    LPAREN  偏移，并进入状态 4
    MINUS   偏移，并进入状态 5
    IF      偏移，并进入状态 6
    WHILE   偏移，并进入状态 7
    FOR     偏移，并进入状态 8
    LET     偏移，并进入状态 9
    BREAK   偏移，并进入状态 10
    NIL     偏移，并进入状态 11

    exp         转到状态 89
    lvalue      转到状态 14
    lvalue_one  转到状态 15


状态 54

    8 exp: exp . PLUS exp
    9    | exp . MINUS exp
   10    | exp . TIMES exp
   11    | exp . DIVIDE exp
   12    | exp . EQ exp
   13    | exp . NEQ exp
   14    | exp . LT exp
   15    | exp . LE exp
   16    | exp . GT exp
   17    | exp . GE exp
   18    | exp . AND exp
   19    | exp . OR exp
   42 nonempty_args: exp .
   43              | exp . COMMA nonempty_args

    COMMA   偏移，并进入状态 90
    PLUS    偏移，并进入状态 39
    MINUS   偏移，并进入状态 40
    TIMES   偏移，并进入状态 41
    DIVIDE  偏移，并进入状态 42
    EQ      偏移，并进入状态 43
    NEQ     偏移，并进入状态 44
    LT      偏移，并进入状态 45
    LE      偏移，并进入状态 46
    GT      偏移，并进入状态 47
    GE      偏移，并进入状态 48
    AND     偏移，并进入状态 49
    OR      偏移，并进入状态 50

    $default  使用规则 42 以归约 (nonempty_args)


状态 55

    7 exp: ID LPAREN args . RPAREN

    RPAREN  偏移，并进入状态 91


状态 56

   41 args: nonempty_args .

    $default  使用规则 41 以归约 (args)


状态 57

    8 exp: exp . PLUS exp
    9    | exp . MINUS exp
   10    | exp . TIMES exp
   11    | exp . DIVIDE exp
   12    | exp . EQ exp
   13    | exp . NEQ exp
   14    | exp . LT exp
   15    | exp . LE exp
   16    | exp . GT exp
   17    | exp . GE exp
   18    | exp . AND exp
   19    | exp . OR exp
   22    | ID LBRACK exp . RBRACK OF exp
   72 lvalue_one: ID LBRACK exp . RBRACK

    RBRACK  偏移，并进入状态 92
    PLUS    偏移，并进入状态 39
    MINUS   偏移，并进入状态 40
    TIMES   偏移，并进入状态 41
    DIVIDE  偏移，并进入状态 42
    EQ      偏移，并进入状态 43
    NEQ     偏移，并进入状态 44
    LT      偏移，并进入状态 45
    LE      偏移，并进入状态 46
    GT      偏移，并进入状态 47
    GE      偏移，并进入状态 48
    AND     偏移，并进入状态 49
    OR      偏移，并进入状态 50


状态 58

   35 recorditem: ID . EQ exp

    EQ  偏移，并进入状态 93


状态 59

   38 nonempty_recorditems: recorditem .
   39                     | recorditem . COMMA nonempty_recorditems

    COMMA  偏移，并进入状态 94

    $default  使用规则 38 以归约 (nonempty_recorditems)


状态 60

   21 exp: ID LBRACE recorditems . RBRACE

    RBRACE  偏移，并进入状态 95


状态 61

   37 recorditems: nonempty_recorditems .

    $default  使用规则 37 以归约 (recorditems)


状态 62

   71 lvalue_one: ID DOT ID .

    $default  使用规则 71 以归约 (lvalue_one)


状态 63

   34 sequencing: exp SEMICOLON . sequencing

    ID      偏移，并进入状态 1
    STRING  偏移，并进入状态 2
    INT     偏移，并进入状态 3
    LPAREN  偏移，并进入状态 4
    MINUS   偏移，并进入状态 5
    IF      偏移，并进入状态 6
    WHILE   偏移，并进入状态 7
    FOR     偏移，并进入状态 8
    LET     偏移，并进入状态 9
    BREAK   偏移，并进入状态 10
    NIL     偏移，并进入状态 11

    exp         转到状态 21
    sequencing  转到状态 96
    lvalue      转到状态 14
    lvalue_one  转到状态 15


状态 64

    4 exp: LPAREN sequencing RPAREN .

    $default  使用规则 4 以归约 (exp)


状态 65

   24 exp: IF exp THEN . exp ELSE exp
   25    | IF exp THEN . exp

    ID      偏移，并进入状态 1
    STRING  偏移，并进入状态 2
    INT     偏移，并进入状态 3
    LPAREN  偏移，并进入状态 4
    MINUS   偏移，并进入状态 5
    IF      偏移，并进入状态 6
    WHILE   偏移，并进入状态 7
    FOR     偏移，并进入状态 8
    LET     偏移，并进入状态 9
    BREAK   偏移，并进入状态 10
    NIL     偏移，并进入状态 11

    exp         转到状态 97
    lvalue      转到状态 14
    lvalue_one  转到状态 15


状态 66

   26 exp: WHILE exp DO . exp

    ID      偏移，并进入状态 1
    STRING  偏移，并进入状态 2
    INT     偏移，并进入状态 3
    LPAREN  偏移，并进入状态 4
    MINUS   偏移，并进入状态 5
    IF      偏移，并进入状态 6
    WHILE   偏移，并进入状态 7
    FOR     偏移，并进入状态 8
    LET     偏移，并进入状态 9
    BREAK   偏移，并进入状态 10
    NIL     偏移，并进入状态 11

    exp         转到状态 98
    lvalue      转到状态 14
    lvalue_one  转到状态 15


状态 67

   27 exp: FOR ID ASSIGN . exp TO exp DO exp

    ID      偏移，并进入状态 1
    STRING  偏移，并进入状态 2
    INT     偏移，并进入状态 3
    LPAREN  偏移，并进入状态 4
    MINUS   偏移，并进入状态 5
    IF      偏移，并进入状态 6
    WHILE   偏移，并进入状态 7
    FOR     偏移，并进入状态 8
    LET     偏移，并进入状态 9
    BREAK   偏移，并进入状态 10
    NIL     偏移，并进入状态 11

    exp         转到状态 99
    lvalue      转到状态 14
    lvalue_one  转到状态 15


状态 68

   57 fundec: FUNCTION ID . LPAREN tyfields RPAREN EQ exp
   58       | FUNCTION ID . LPAREN tyfields RPAREN COLON ID EQ exp

    LPAREN  偏移，并进入状态 100


状态 69

   55 vardec: VAR ID . ASSIGN exp
   56       | VAR ID . COLON ID ASSIGN exp

    COLON   偏移，并进入状态 101
    ASSIGN  偏移，并进入状态 102


状态 70

   52 tydec: TYPE ID . EQ ty

    EQ  偏移，并进入状态 103


状态 71

   54 tydecs: tydec tydecs .

    $default  使用规则 54 以归约 (tydecs)


状态 72

   60 fundecs: fundec fundecs .

    $default  使用规则 60 以归约 (fundecs)


状态 73

   66 nonempty_decs: dec decs .

    $default  使用规则 66 以归约 (nonempty_decs)


状态 74

   29 exp: LET decs IN . expseq END

    ID      偏移，并进入状态 1
    STRING  偏移，并进入状态 2
    INT     偏移，并进入状态 3
    LPAREN  偏移，并进入状态 4
    MINUS   偏移，并进入状态 5
    IF      偏移，并进入状态 6
    WHILE   偏移，并进入状态 7
    FOR     偏移，并进入状态 8
    LET     偏移，并进入状态 9
    BREAK   偏移，并进入状态 10
    NIL     偏移，并进入状态 11

    $default  使用规则 31 以归约 (expseq)

    exp         转到状态 21
    expseq      转到状态 104
    sequencing  转到状态 105
    lvalue      转到状态 14
    lvalue_one  转到状态 15


状态 75

    8 exp: exp . PLUS exp
    8    | exp PLUS exp .
    9    | exp . MINUS exp
   10    | exp . TIMES exp
   11    | exp . DIVIDE exp
   12    | exp . EQ exp
   13    | exp . NEQ exp
   14    | exp . LT exp
   15    | exp . LE exp
   16    | exp . GT exp
   17    | exp . GE exp
   18    | exp . AND exp
   19    | exp . OR exp

    TIMES   偏移，并进入状态 41
    DIVIDE  偏移，并进入状态 42

    $default  使用规则 8 以归约 (exp)


状态 76

    8 exp: exp . PLUS exp
    9    | exp . MINUS exp
    9    | exp MINUS exp .
   10    | exp . TIMES exp
   11    | exp . DIVIDE exp
   12    | exp . EQ exp
   13    | exp . NEQ exp
   14    | exp . LT exp
   15    | exp . LE exp
   16    | exp . GT exp
   17    | exp . GE exp
   18    | exp . AND exp
   19    | exp . OR exp

    TIMES   偏移，并进入状态 41
    DIVIDE  偏移，并进入状态 42

    $default  使用规则 9 以归约 (exp)


状态 77

    8 exp: exp . PLUS exp
    9    | exp . MINUS exp
   10    | exp . TIMES exp
   10    | exp TIMES exp .
   11    | exp . DIVIDE exp
   12    | exp . EQ exp
   13    | exp . NEQ exp
   14    | exp . LT exp
   15    | exp . LE exp
   16    | exp . GT exp
   17    | exp . GE exp
   18    | exp . AND exp
   19    | exp . OR exp

    $default  使用规则 10 以归约 (exp)


状态 78

    8 exp: exp . PLUS exp
    9    | exp . MINUS exp
   10    | exp . TIMES exp
   11    | exp . DIVIDE exp
   11    | exp DIVIDE exp .
   12    | exp . EQ exp
   13    | exp . NEQ exp
   14    | exp . LT exp
   15    | exp . LE exp
   16    | exp . GT exp
   17    | exp . GE exp
   18    | exp . AND exp
   19    | exp . OR exp

    $default  使用规则 11 以归约 (exp)


状态 79

    8 exp: exp . PLUS exp
    9    | exp . MINUS exp
   10    | exp . TIMES exp
   11    | exp . DIVIDE exp
   12    | exp . EQ exp
   12    | exp EQ exp .
   13    | exp . NEQ exp
   14    | exp . LT exp
   15    | exp . LE exp
   16    | exp . GT exp
   17    | exp . GE exp
   18    | exp . AND exp
   19    | exp . OR exp

    PLUS    偏移，并进入状态 39
    MINUS   偏移，并进入状态 40
    TIMES   偏移，并进入状态 41
    DIVIDE  偏移，并进入状态 42

    EQ   错误 (非相联的)
    NEQ  错误 (非相联的)
    LT   错误 (非相联的)
    LE   错误 (非相联的)
    GT   错误 (非相联的)
    GE   错误 (非相联的)

    $default  使用规则 12 以归约 (exp)


状态 80

    8 exp: exp . PLUS exp
    9    | exp . MINUS exp
   10    | exp . TIMES exp
   11    | exp . DIVIDE exp
   12    | exp . EQ exp
   13    | exp . NEQ exp
   13    | exp NEQ exp .
   14    | exp . LT exp
   15    | exp . LE exp
   16    | exp . GT exp
   17    | exp . GE exp
   18    | exp . AND exp
   19    | exp . OR exp

    PLUS    偏移，并进入状态 39
    MINUS   偏移，并进入状态 40
    TIMES   偏移，并进入状态 41
    DIVIDE  偏移，并进入状态 42

    EQ   错误 (非相联的)
    NEQ  错误 (非相联的)
    LT   错误 (非相联的)
    LE   错误 (非相联的)
    GT   错误 (非相联的)
    GE   错误 (非相联的)

    $default  使用规则 13 以归约 (exp)


状态 81

    8 exp: exp . PLUS exp
    9    | exp . MINUS exp
   10    | exp . TIMES exp
   11    | exp . DIVIDE exp
   12    | exp . EQ exp
   13    | exp . NEQ exp
   14    | exp . LT exp
   14    | exp LT exp .
   15    | exp . LE exp
   16    | exp . GT exp
   17    | exp . GE exp
   18    | exp . AND exp
   19    | exp . OR exp

    PLUS    偏移，并进入状态 39
    MINUS   偏移，并进入状态 40
    TIMES   偏移，并进入状态 41
    DIVIDE  偏移，并进入状态 42

    EQ   错误 (非相联的)
    NEQ  错误 (非相联的)
    LT   错误 (非相联的)
    LE   错误 (非相联的)
    GT   错误 (非相联的)
    GE   错误 (非相联的)

    $default  使用规则 14 以归约 (exp)


状态 82

    8 exp: exp . PLUS exp
    9    | exp . MINUS exp
   10    | exp . TIMES exp
   11    | exp . DIVIDE exp
   12    | exp . EQ exp
   13    | exp . NEQ exp
   14    | exp . LT exp
   15    | exp . LE exp
   15    | exp LE exp .
   16    | exp . GT exp
   17    | exp . GE exp
   18    | exp . AND exp
   19    | exp . OR exp

    PLUS    偏移，并进入状态 39
    MINUS   偏移，并进入状态 40
    TIMES   偏移，并进入状态 41
    DIVIDE  偏移，并进入状态 42

    EQ   错误 (非相联的)
    NEQ  错误 (非相联的)
    LT   错误 (非相联的)
    LE   错误 (非相联的)
    GT   错误 (非相联的)
    GE   错误 (非相联的)

    $default  使用规则 15 以归约 (exp)


状态 83

    8 exp: exp . PLUS exp
    9    | exp . MINUS exp
   10    | exp . TIMES exp
   11    | exp . DIVIDE exp
   12    | exp . EQ exp
   13    | exp . NEQ exp
   14    | exp . LT exp
   15    | exp . LE exp
   16    | exp . GT exp
   16    | exp GT exp .
   17    | exp . GE exp
   18    | exp . AND exp
   19    | exp . OR exp

    PLUS    偏移，并进入状态 39
    MINUS   偏移，并进入状态 40
    TIMES   偏移，并进入状态 41
    DIVIDE  偏移，并进入状态 42

    EQ   错误 (非相联的)
    NEQ  错误 (非相联的)
    LT   错误 (非相联的)
    LE   错误 (非相联的)
    GT   错误 (非相联的)
    GE   错误 (非相联的)

    $default  使用规则 16 以归约 (exp)


状态 84

    8 exp: exp . PLUS exp
    9    | exp . MINUS exp
   10    | exp . TIMES exp
   11    | exp . DIVIDE exp
   12    | exp . EQ exp
   13    | exp . NEQ exp
   14    | exp . LT exp
   15    | exp . LE exp
   16    | exp . GT exp
   17    | exp . GE exp
   17    | exp GE exp .
   18    | exp . AND exp
   19    | exp . OR exp

    PLUS    偏移，并进入状态 39
    MINUS   偏移，并进入状态 40
    TIMES   偏移，并进入状态 41
    DIVIDE  偏移，并进入状态 42

    EQ   错误 (非相联的)
    NEQ  错误 (非相联的)
    LT   错误 (非相联的)
    LE   错误 (非相联的)
    GT   错误 (非相联的)
    GE   错误 (非相联的)

    $default  使用规则 17 以归约 (exp)


状态 85

    8 exp: exp . PLUS exp
    9    | exp . MINUS exp
   10    | exp . TIMES exp
   11    | exp . DIVIDE exp
   12    | exp . EQ exp
   13    | exp . NEQ exp
   14    | exp . LT exp
   15    | exp . LE exp
   16    | exp . GT exp
   17    | exp . GE exp
   18    | exp . AND exp
   18    | exp AND exp .
   19    | exp . OR exp

    PLUS    偏移，并进入状态 39
    MINUS   偏移，并进入状态 40
    TIMES   偏移，并进入状态 41
    DIVIDE  偏移，并进入状态 42
    EQ      偏移，并进入状态 43
    NEQ     偏移，并进入状态 44
    LT      偏移，并进入状态 45
    LE      偏移，并进入状态 46
    GT      偏移，并进入状态 47
    GE      偏移，并进入状态 48

    $default  使用规则 18 以归约 (exp)


状态 86

    8 exp: exp . PLUS exp
    9    | exp . MINUS exp
   10    | exp . TIMES exp
   11    | exp . DIVIDE exp
   12    | exp . EQ exp
   13    | exp . NEQ exp
   14    | exp . LT exp
   15    | exp . LE exp
   16    | exp . GT exp
   17    | exp . GE exp
   18    | exp . AND exp
   19    | exp . OR exp
   19    | exp OR exp .

    PLUS    偏移，并进入状态 39
    MINUS   偏移，并进入状态 40
    TIMES   偏移，并进入状态 41
    DIVIDE  偏移，并进入状态 42
    EQ      偏移，并进入状态 43
    NEQ     偏移，并进入状态 44
    LT      偏移，并进入状态 45
    LE      偏移，并进入状态 46
    GT      偏移，并进入状态 47
    GE      偏移，并进入状态 48
    AND     偏移，并进入状态 49

    $default  使用规则 19 以归约 (exp)


状态 87

    8 exp: exp . PLUS exp
    9    | exp . MINUS exp
   10    | exp . TIMES exp
   11    | exp . DIVIDE exp
   12    | exp . EQ exp
   13    | exp . NEQ exp
   14    | exp . LT exp
   15    | exp . LE exp
   16    | exp . GT exp
   17    | exp . GE exp
   18    | exp . AND exp
   19    | exp . OR exp
   69 lvalue: lvalue LBRACK exp . RBRACK

    RBRACK  偏移，并进入状态 106
    PLUS    偏移，并进入状态 39
    MINUS   偏移，并进入状态 40
    TIMES   偏移，并进入状态 41
    DIVIDE  偏移，并进入状态 42
    EQ      偏移，并进入状态 43
    NEQ     偏移，并进入状态 44
    LT      偏移，并进入状态 45
    LE      偏移，并进入状态 46
    GT      偏移，并进入状态 47
    GE      偏移，并进入状态 48
    AND     偏移，并进入状态 49
    OR      偏移，并进入状态 50


状态 88

   68 lvalue: lvalue DOT ID .

    $default  使用规则 68 以归约 (lvalue)


状态 89

    8 exp: exp . PLUS exp
    9    | exp . MINUS exp
   10    | exp . TIMES exp
   11    | exp . DIVIDE exp
   12    | exp . EQ exp
   13    | exp . NEQ exp
   14    | exp . LT exp
   15    | exp . LE exp
   16    | exp . GT exp
   17    | exp . GE exp
   18    | exp . AND exp
   19    | exp . OR exp
   23    | lvalue ASSIGN exp .

    PLUS    偏移，并进入状态 39
    MINUS   偏移，并进入状态 40
    TIMES   偏移，并进入状态 41
    DIVIDE  偏移，并进入状态 42
    EQ      偏移，并进入状态 43
    NEQ     偏移，并进入状态 44
    LT      偏移，并进入状态 45
    LE      偏移，并进入状态 46
    GT      偏移，并进入状态 47
    GE      偏移，并进入状态 48
    AND     偏移，并进入状态 49
    OR      偏移，并进入状态 50

    $default  使用规则 23 以归约 (exp)


状态 90

   43 nonempty_args: exp COMMA . nonempty_args

    ID      偏移，并进入状态 1
    STRING  偏移，并进入状态 2
    INT     偏移，并进入状态 3
    LPAREN  偏移，并进入状态 4
    MINUS   偏移，并进入状态 5
    IF      偏移，并进入状态 6
    WHILE   偏移，并进入状态 7
    FOR     偏移，并进入状态 8
    LET     偏移，并进入状态 9
    BREAK   偏移，并进入状态 10
    NIL     偏移，并进入状态 11

    exp            转到状态 54
    nonempty_args  转到状态 107
    lvalue         转到状态 14
    lvalue_one     转到状态 15


状态 91

    7 exp: ID LPAREN args RPAREN .

    $default  使用规则 7 以归约 (exp)


状态 92

   22 exp: ID LBRACK exp RBRACK . OF exp
   72 lvalue_one: ID LBRACK exp RBRACK .

    OF  偏移，并进入状态 108

    $default  使用规则 72 以归约 (lvalue_one)


状态 93

   35 recorditem: ID EQ . exp

    ID      偏移，并进入状态 1
    STRING  偏移，并进入状态 2
    INT     偏移，并进入状态 3
    LPAREN  偏移，并进入状态 4
    MINUS   偏移，并进入状态 5
    IF      偏移，并进入状态 6
    WHILE   偏移，并进入状态 7
    FOR     偏移，并进入状态 8
    LET     偏移，并进入状态 9
    BREAK   偏移，并进入状态 10
    NIL     偏移，并进入状态 11

    exp         转到状态 109
    lvalue      转到状态 14
    lvalue_one  转到状态 15


状态 94

   39 nonempty_recorditems: recorditem COMMA . nonempty_recorditems

    ID  偏移，并进入状态 58

    recorditem            转到状态 59
    nonempty_recorditems  转到状态 110


状态 95

   21 exp: ID LBRACE recorditems RBRACE .

    $default  使用规则 21 以归约 (exp)


状态 96

   34 sequencing: exp SEMICOLON sequencing .

    $default  使用规则 34 以归约 (sequencing)


状态 97

    8 exp: exp . PLUS exp
    9    | exp . MINUS exp
   10    | exp . TIMES exp
   11    | exp . DIVIDE exp
   12    | exp . EQ exp
   13    | exp . NEQ exp
   14    | exp . LT exp
   15    | exp . LE exp
   16    | exp . GT exp
   17    | exp . GE exp
   18    | exp . AND exp
   19    | exp . OR exp
   24    | IF exp THEN exp . ELSE exp
   25    | IF exp THEN exp .

    PLUS    偏移，并进入状态 39
    MINUS   偏移，并进入状态 40
    TIMES   偏移，并进入状态 41
    DIVIDE  偏移，并进入状态 42
    EQ      偏移，并进入状态 43
    NEQ     偏移，并进入状态 44
    LT      偏移，并进入状态 45
    LE      偏移，并进入状态 46
    GT      偏移，并进入状态 47
    GE      偏移，并进入状态 48
    AND     偏移，并进入状态 49
    OR      偏移，并进入状态 50
    ELSE    偏移，并进入状态 111

    $default  使用规则 25 以归约 (exp)


状态 98

    8 exp: exp . PLUS exp
    9    | exp . MINUS exp
   10    | exp . TIMES exp
   11    | exp . DIVIDE exp
   12    | exp . EQ exp
   13    | exp . NEQ exp
   14    | exp . LT exp
   15    | exp . LE exp
   16    | exp . GT exp
   17    | exp . GE exp
   18    | exp . AND exp
   19    | exp . OR exp
   26    | WHILE exp DO exp .

    PLUS    偏移，并进入状态 39
    MINUS   偏移，并进入状态 40
    TIMES   偏移，并进入状态 41
    DIVIDE  偏移，并进入状态 42
    EQ      偏移，并进入状态 43
    NEQ     偏移，并进入状态 44
    LT      偏移，并进入状态 45
    LE      偏移，并进入状态 46
    GT      偏移，并进入状态 47
    GE      偏移，并进入状态 48
    AND     偏移，并进入状态 49
    OR      偏移，并进入状态 50

    $default  使用规则 26 以归约 (exp)


状态 99

    8 exp: exp . PLUS exp
    9    | exp . MINUS exp
   10    | exp . TIMES exp
   11    | exp . DIVIDE exp
   12    | exp . EQ exp
   13    | exp . NEQ exp
   14    | exp . LT exp
   15    | exp . LE exp
   16    | exp . GT exp
   17    | exp . GE exp
   18    | exp . AND exp
   19    | exp . OR exp
   27    | FOR ID ASSIGN exp . TO exp DO exp

    PLUS    偏移，并进入状态 39
    MINUS   偏移，并进入状态 40
    TIMES   偏移，并进入状态 41
    DIVIDE  偏移，并进入状态 42
    EQ      偏移，并进入状态 43
    NEQ     偏移，并进入状态 44
    LT      偏移，并进入状态 45
    LE      偏移，并进入状态 46
    GT      偏移，并进入状态 47
    GE      偏移，并进入状态 48
    AND     偏移，并进入状态 49
    OR      偏移，并进入状态 50
    TO      偏移，并进入状态 112


状态 100

   57 fundec: FUNCTION ID LPAREN . tyfields RPAREN EQ exp
   58       | FUNCTION ID LPAREN . tyfields RPAREN COLON ID EQ exp

    ID  偏移，并进入状态 113

    $default  使用规则 45 以归约 (tyfields)

    tyfield            转到状态 114
    tyfields           转到状态 115
    nonempty_tyfields  转到状态 116


状态 101

   56 vardec: VAR ID COLON . ID ASSIGN exp

    ID  偏移，并进入状态 117


状态 102

   55 vardec: VAR ID ASSIGN . exp

    ID      偏移，并进入状态 1
    STRING  偏移，并进入状态 2
    INT     偏移，并进入状态 3
    LPAREN  偏移，并进入状态 4
    MINUS   偏移，并进入状态 5
    IF      偏移，并进入状态 6
    WHILE   偏移，并进入状态 7
    FOR     偏移，并进入状态 8
    LET     偏移，并进入状态 9
    BREAK   偏移，并进入状态 10
    NIL     偏移，并进入状态 11

    exp         转到状态 118
    lvalue      转到状态 14
    lvalue_one  转到状态 15


状态 103

   52 tydec: TYPE ID EQ . ty

    ID      偏移，并进入状态 119
    LBRACE  偏移，并进入状态 120
    ARRAY   偏移，并进入状态 121

    ty  转到状态 122


状态 104

   29 exp: LET decs IN expseq . END

    END  偏移，并进入状态 123


状态 105

   32 expseq: sequencing .

    $default  使用规则 32 以归约 (expseq)


状态 106

   69 lvalue: lvalue LBRACK exp RBRACK .

    $default  使用规则 69 以归约 (lvalue)


状态 107

   43 nonempty_args: exp COMMA nonempty_args .

    $default  使用规则 43 以归约 (nonempty_args)


状态 108

   22 exp: ID LBRACK exp RBRACK OF . exp

    ID      偏移，并进入状态 1
    STRING  偏移，并进入状态 2
    INT     偏移，并进入状态 3
    LPAREN  偏移，并进入状态 4
    MINUS   偏移，并进入状态 5
    IF      偏移，并进入状态 6
    WHILE   偏移，并进入状态 7
    FOR     偏移，并进入状态 8
    LET     偏移，并进入状态 9
    BREAK   偏移，并进入状态 10
    NIL     偏移，并进入状态 11

    exp         转到状态 124
    lvalue      转到状态 14
    lvalue_one  转到状态 15


状态 109

    8 exp: exp . PLUS exp
    9    | exp . MINUS exp
   10    | exp . TIMES exp
   11    | exp . DIVIDE exp
   12    | exp . EQ exp
   13    | exp . NEQ exp
   14    | exp . LT exp
   15    | exp . LE exp
   16    | exp . GT exp
   17    | exp . GE exp
   18    | exp . AND exp
   19    | exp . OR exp
   35 recorditem: ID EQ exp .

    PLUS    偏移，并进入状态 39
    MINUS   偏移，并进入状态 40
    TIMES   偏移，并进入状态 41
    DIVIDE  偏移，并进入状态 42
    EQ      偏移，并进入状态 43
    NEQ     偏移，并进入状态 44
    LT      偏移，并进入状态 45
    LE      偏移，并进入状态 46
    GT      偏移，并进入状态 47
    GE      偏移，并进入状态 48
    AND     偏移，并进入状态 49
    OR      偏移，并进入状态 50

    $default  使用规则 35 以归约 (recorditem)


状态 110

   39 nonempty_recorditems: recorditem COMMA nonempty_recorditems .

    $default  使用规则 39 以归约 (nonempty_recorditems)


状态 111

   24 exp: IF exp THEN exp ELSE . exp

    ID      偏移，并进入状态 1
    STRING  偏移，并进入状态 2
    INT     偏移，并进入状态 3
    LPAREN  偏移，并进入状态 4
    MINUS   偏移，并进入状态 5
    IF      偏移，并进入状态 6
    WHILE   偏移，并进入状态 7
    FOR     偏移，并进入状态 8
    LET     偏移，并进入状态 9
    BREAK   偏移，并进入状态 10
    NIL     偏移，并进入状态 11

    exp         转到状态 125
    lvalue      转到状态 14
    lvalue_one  转到状态 15


状态 112

   27 exp: FOR ID ASSIGN exp TO . exp DO exp

    ID      偏移，并进入状态 1
    STRING  偏移，并进入状态 2
    INT     偏移，并进入状态 3
    LPAREN  偏移，并进入状态 4
    MINUS   偏移，并进入状态 5
    IF      偏移，并进入状态 6
    WHILE   偏移，并进入状态 7
    FOR     偏移，并进入状态 8
    LET     偏移，并进入状态 9
    BREAK   偏移，并进入状态 10
    NIL     偏移，并进入状态 11

    exp         转到状态 126
    lvalue      转到状态 14
    lvalue_one  转到状态 15


状态 113

   44 tyfield: ID . COLON ID

    COLON  偏移，并进入状态 127


状态 114

   47 nonempty_tyfields: tyfield .
   48                  | tyfield . COMMA nonempty_tyfields

    COMMA  偏移，并进入状态 128

    $default  使用规则 47 以归约 (nonempty_tyfields)


状态 115

   57 fundec: FUNCTION ID LPAREN tyfields . RPAREN EQ exp
   58       | FUNCTION ID LPAREN tyfields . RPAREN COLON ID EQ exp

    RPAREN  偏移，并进入状态 129


状态 116

   46 tyfields: nonempty_tyfields .

    $default  使用规则 46 以归约 (tyfields)


状态 117

   56 vardec: VAR ID COLON ID . ASSIGN exp

    ASSIGN  偏移，并进入状态 130


状态 118

    8 exp: exp . PLUS exp
    9    | exp . MINUS exp
   10    | exp . TIMES exp
   11    | exp . DIVIDE exp
   12    | exp . EQ exp
   13    | exp . NEQ exp
   14    | exp . LT exp
   15    | exp . LE exp
   16    | exp . GT exp
   17    | exp . GE exp
   18    | exp . AND exp
   19    | exp . OR exp
   55 vardec: VAR ID ASSIGN exp .

    PLUS    偏移，并进入状态 39
    MINUS   偏移，并进入状态 40
    TIMES   偏移，并进入状态 41
    DIVIDE  偏移，并进入状态 42
    EQ      偏移，并进入状态 43
    NEQ     偏移，并进入状态 44
    LT      偏移，并进入状态 45
    LE      偏移，并进入状态 46
    GT      偏移，并进入状态 47
    GE      偏移，并进入状态 48
    AND     偏移，并进入状态 49
    OR      偏移，并进入状态 50

    $default  使用规则 55 以归约 (vardec)


状态 119

   49 ty: ID .

    $default  使用规则 49 以归约 (ty)


状态 120

   50 ty: LBRACE . tyfields RBRACE

    ID  偏移，并进入状态 113

    $default  使用规则 45 以归约 (tyfields)

    tyfield            转到状态 114
    tyfields           转到状态 131
    nonempty_tyfields  转到状态 116


状态 121

   51 ty: ARRAY . OF ID

    OF  偏移，并进入状态 132


状态 122

   52 tydec: TYPE ID EQ ty .

    $default  使用规则 52 以归约 (tydec)


状态 123

   29 exp: LET decs IN expseq END .

    $default  使用规则 29 以归约 (exp)


状态 124

    8 exp: exp . PLUS exp
    9    | exp . MINUS exp
   10    | exp . TIMES exp
   11    | exp . DIVIDE exp
   12    | exp . EQ exp
   13    | exp . NEQ exp
   14    | exp . LT exp
   15    | exp . LE exp
   16    | exp . GT exp
   17    | exp . GE exp
   18    | exp . AND exp
   19    | exp . OR exp
   22    | ID LBRACK exp RBRACK OF exp .

    PLUS    偏移，并进入状态 39
    MINUS   偏移，并进入状态 40
    TIMES   偏移，并进入状态 41
    DIVIDE  偏移，并进入状态 42
    EQ      偏移，并进入状态 43
    NEQ     偏移，并进入状态 44
    LT      偏移，并进入状态 45
    LE      偏移，并进入状态 46
    GT      偏移，并进入状态 47
    GE      偏移，并进入状态 48
    AND     偏移，并进入状态 49
    OR      偏移，并进入状态 50

    $default  使用规则 22 以归约 (exp)


状态 125

    8 exp: exp . PLUS exp
    9    | exp . MINUS exp
   10    | exp . TIMES exp
   11    | exp . DIVIDE exp
   12    | exp . EQ exp
   13    | exp . NEQ exp
   14    | exp . LT exp
   15    | exp . LE exp
   16    | exp . GT exp
   17    | exp . GE exp
   18    | exp . AND exp
   19    | exp . OR exp
   24    | IF exp THEN exp ELSE exp .

    PLUS    偏移，并进入状态 39
    MINUS   偏移，并进入状态 40
    TIMES   偏移，并进入状态 41
    DIVIDE  偏移，并进入状态 42
    EQ      偏移，并进入状态 43
    NEQ     偏移，并进入状态 44
    LT      偏移，并进入状态 45
    LE      偏移，并进入状态 46
    GT      偏移，并进入状态 47
    GE      偏移，并进入状态 48
    AND     偏移，并进入状态 49
    OR      偏移，并进入状态 50

    $default  使用规则 24 以归约 (exp)


状态 126

    8 exp: exp . PLUS exp
    9    | exp . MINUS exp
   10    | exp . TIMES exp
   11    | exp . DIVIDE exp
   12    | exp . EQ exp
   13    | exp . NEQ exp
   14    | exp . LT exp
   15    | exp . LE exp
   16    | exp . GT exp
   17    | exp . GE exp
   18    | exp . AND exp
   19    | exp . OR exp
   27    | FOR ID ASSIGN exp TO exp . DO exp

    PLUS    偏移，并进入状态 39
    MINUS   偏移，并进入状态 40
    TIMES   偏移，并进入状态 41
    DIVIDE  偏移，并进入状态 42
    EQ      偏移，并进入状态 43
    NEQ     偏移，并进入状态 44
    LT      偏移，并进入状态 45
    LE      偏移，并进入状态 46
    GT      偏移，并进入状态 47
    GE      偏移，并进入状态 48
    AND     偏移，并进入状态 49
    OR      偏移，并进入状态 50
    DO      偏移，并进入状态 133


状态 127

   44 tyfield: ID COLON . ID

    ID  偏移，并进入状态 134


状态 128

   48 nonempty_tyfields: tyfield COMMA . nonempty_tyfields

    ID  偏移，并进入状态 113

    tyfield            转到状态 114
    nonempty_tyfields  转到状态 135


状态 129

   57 fundec: FUNCTION ID LPAREN tyfields RPAREN . EQ exp
   58       | FUNCTION ID LPAREN tyfields RPAREN . COLON ID EQ exp

    COLON  偏移，并进入状态 136
    EQ     偏移，并进入状态 137


状态 130

   56 vardec: VAR ID COLON ID ASSIGN . exp

    ID      偏移，并进入状态 1
    STRING  偏移，并进入状态 2
    INT     偏移，并进入状态 3
    LPAREN  偏移，并进入状态 4
    MINUS   偏移，并进入状态 5
    IF      偏移，并进入状态 6
    WHILE   偏移，并进入状态 7
    FOR     偏移，并进入状态 8
    LET     偏移，并进入状态 9
    BREAK   偏移，并进入状态 10
    NIL     偏移，并进入状态 11

    exp         转到状态 138
    lvalue      转到状态 14
    lvalue_one  转到状态 15


状态 131

   50 ty: LBRACE tyfields . RBRACE

    RBRACE  偏移，并进入状态 139


状态 132

   51 ty: ARRAY OF . ID

    ID  偏移，并进入状态 140


状态 133

   27 exp: FOR ID ASSIGN exp TO exp DO . exp

    ID      偏移，并进入状态 1
    STRING  偏移，并进入状态 2
    INT     偏移，并进入状态 3
    LPAREN  偏移，并进入状态 4
    MINUS   偏移，并进入状态 5
    IF      偏移，并进入状态 6
    WHILE   偏移，并进入状态 7
    FOR     偏移，并进入状态 8
    LET     偏移，并进入状态 9
    BREAK   偏移，并进入状态 10
    NIL     偏移，并进入状态 11

    exp         转到状态 141
    lvalue      转到状态 14
    lvalue_one  转到状态 15


状态 134

   44 tyfield: ID COLON ID .

    $default  使用规则 44 以归约 (tyfield)


状态 135

   48 nonempty_tyfields: tyfield COMMA nonempty_tyfields .

    $default  使用规则 48 以归约 (nonempty_tyfields)


状态 136

   58 fundec: FUNCTION ID LPAREN tyfields RPAREN COLON . ID EQ exp

    ID  偏移，并进入状态 142


状态 137

   57 fundec: FUNCTION ID LPAREN tyfields RPAREN EQ . exp

    ID      偏移，并进入状态 1
    STRING  偏移，并进入状态 2
    INT     偏移，并进入状态 3
    LPAREN  偏移，并进入状态 4
    MINUS   偏移，并进入状态 5
    IF      偏移，并进入状态 6
    WHILE   偏移，并进入状态 7
    FOR     偏移，并进入状态 8
    LET     偏移，并进入状态 9
    BREAK   偏移，并进入状态 10
    NIL     偏移，并进入状态 11

    exp         转到状态 143
    lvalue      转到状态 14
    lvalue_one  转到状态 15


状态 138

    8 exp: exp . PLUS exp
    9    | exp . MINUS exp
   10    | exp . TIMES exp
   11    | exp . DIVIDE exp
   12    | exp . EQ exp
   13    | exp . NEQ exp
   14    | exp . LT exp
   15    | exp . LE exp
   16    | exp . GT exp
   17    | exp . GE exp
   18    | exp . AND exp
   19    | exp . OR exp
   56 vardec: VAR ID COLON ID ASSIGN exp .

    PLUS    偏移，并进入状态 39
    MINUS   偏移，并进入状态 40
    TIMES   偏移，并进入状态 41
    DIVIDE  偏移，并进入状态 42
    EQ      偏移，并进入状态 43
    NEQ     偏移，并进入状态 44
    LT      偏移，并进入状态 45
    LE      偏移，并进入状态 46
    GT      偏移，并进入状态 47
    GE      偏移，并进入状态 48
    AND     偏移，并进入状态 49
    OR      偏移，并进入状态 50

    $default  使用规则 56 以归约 (vardec)


状态 139

   50 ty: LBRACE tyfields RBRACE .

    $default  使用规则 50 以归约 (ty)


状态 140

   51 ty: ARRAY OF ID .

    $default  使用规则 51 以归约 (ty)


状态 141

    8 exp: exp . PLUS exp
    9    | exp . MINUS exp
   10    | exp . TIMES exp
   11    | exp . DIVIDE exp
   12    | exp . EQ exp
   13    | exp . NEQ exp
   14    | exp . LT exp
   15    | exp . LE exp
   16    | exp . GT exp
   17    | exp . GE exp
   18    | exp . AND exp
   19    | exp . OR exp
   27    | FOR ID ASSIGN exp TO exp DO exp .

    PLUS    偏移，并进入状态 39
    MINUS   偏移，并进入状态 40
    TIMES   偏移，并进入状态 41
    DIVIDE  偏移，并进入状态 42
    EQ      偏移，并进入状态 43
    NEQ     偏移，并进入状态 44
    LT      偏移，并进入状态 45
    LE      偏移，并进入状态 46
    GT      偏移，并进入状态 47
    GE      偏移，并进入状态 48
    AND     偏移，并进入状态 49
    OR      偏移，并进入状态 50

    $default  使用规则 27 以归约 (exp)


状态 142

   58 fundec: FUNCTION ID LPAREN tyfields RPAREN COLON ID . EQ exp

    EQ  偏移，并进入状态 144


状态 143

    8 exp: exp . PLUS exp
    9    | exp . MINUS exp
   10    | exp . TIMES exp
   11    | exp . DIVIDE exp
   12    | exp . EQ exp
   13    | exp . NEQ exp
   14    | exp . LT exp
   15    | exp . LE exp
   16    | exp . GT exp
   17    | exp . GE exp
   18    | exp . AND exp
   19    | exp . OR exp
   57 fundec: FUNCTION ID LPAREN tyfields RPAREN EQ exp .

    PLUS    偏移，并进入状态 39
    MINUS   偏移，并进入状态 40
    TIMES   偏移，并进入状态 41
    DIVIDE  偏移，并进入状态 42
    EQ      偏移，并进入状态 43
    NEQ     偏移，并进入状态 44
    LT      偏移，并进入状态 45
    LE      偏移，并进入状态 46
    GT      偏移，并进入状态 47
    GE      偏移，并进入状态 48
    AND     偏移，并进入状态 49
    OR      偏移，并进入状态 50

    $default  使用规则 57 以归约 (fundec)


状态 144

   58 fundec: FUNCTION ID LPAREN tyfields RPAREN COLON ID EQ . exp

    ID      偏移，并进入状态 1
    STRING  偏移，并进入状态 2
    INT     偏移，并进入状态 3
    LPAREN  偏移，并进入状态 4
    MINUS   偏移，并进入状态 5
    IF      偏移，并进入状态 6
    WHILE   偏移，并进入状态 7
    FOR     偏移，并进入状态 8
    LET     偏移，并进入状态 9
    BREAK   偏移，并进入状态 10
    NIL     偏移，并进入状态 11

    exp         转到状态 145
    lvalue      转到状态 14
    lvalue_one  转到状态 15


状态 145

    8 exp: exp . PLUS exp
    9    | exp . MINUS exp
   10    | exp . TIMES exp
   11    | exp . DIVIDE exp
   12    | exp . EQ exp
   13    | exp . NEQ exp
   14    | exp . LT exp
   15    | exp . LE exp
   16    | exp . GT exp
   17    | exp . GE exp
   18    | exp . AND exp
   19    | exp . OR exp
   58 fundec: FUNCTION ID LPAREN tyfields RPAREN COLON ID EQ exp .

    PLUS    偏移，并进入状态 39
    MINUS   偏移，并进入状态 40
    TIMES   偏移，并进入状态 41
    DIVIDE  偏移，并进入状态 42
    EQ      偏移，并进入状态 43
    NEQ     偏移，并进入状态 44
    LT      偏移，并进入状态 45
    LE      偏移，并进入状态 46
    GT      偏移，并进入状态 47
    GE      偏移，并进入状态 48
    AND     偏移，并进入状态 49
    OR      偏移，并进入状态 50

    $default  使用规则 58 以归约 (fundec)
